<?xml version="1.0" encoding="UTF-8"?>
<!-- Generated by org.testng.reporters.JUnitXMLReporter -->
<testsuite ignored="1" hostname="krish" failures="0" tests="2" name="Parallel-2" time="29.605" errors="0" timestamp="2023-03-27T13:15:46 IST">
  <testcase classname="com.HRM_copy.Admin_login01" name="AdminLogin" time="8.752"/>
  <testcase classname="com.HRM_copy.Create_Branch02" name="create_Branch02" time="5.827"/>
  <testcase classname="com.GenericUtilities.BaseClass" name="@BeforeSuite configBC" time="0.0">
    <ignored/>
  </testcase> <!-- @BeforeSuite configBC -->
</testsuite> <!-- Parallel-2 -->
