<?xml version="1.0" encoding="UTF-8"?>
<!-- Generated by org.testng.reporters.JUnitXMLReporter -->
<testsuite ignored="1" hostname="krish" failures="1" tests="5" name="Test" time="29.54" errors="0" timestamp="2023-03-29T14:47:09 IST">
  <testcase classname="com.HRM_copy.Admin_login01" name="AdminLogin" time="1.618">
    <skipped/>
  </testcase> <!-- AdminLogin -->
  <testcase classname="com.HRM_copy.Admin_login01" name="AdminLogin" time="0.222">
    <skipped/>
  </testcase> <!-- AdminLogin -->
  <testcase classname="com.HRM_copy.Admin_login01" name="AdminLogin" time="0.152">
    <skipped/>
  </testcase> <!-- AdminLogin -->
  <testcase classname="com.HRM_copy.Admin_login01" name="AdminLogin" time="0.094">
    <failure type="java.lang.AssertionError" message="null">
      <![CDATA[java.lang.AssertionError: null
at com.HRM_copy.Admin_login01.AdminLogin(Admin_login01.java:31)
at java.base/java.util.ArrayList.forEach(ArrayList.java:1541)
at java.base/java.util.concurrent.FutureTask.run(FutureTask.java:264)
at java.base/java.util.concurrent.ThreadPoolExecutor.runWorker(ThreadPoolExecutor.java:1128)
at java.base/java.util.concurrent.ThreadPoolExecutor$Worker.run(ThreadPoolExecutor.java:628)
at java.base/java.lang.Thread.run(Thread.java:834)
... Removed 20 stack frames]]>
    </failure>
  </testcase> <!-- AdminLogin -->
  <testcase classname="com.HRM_copy.Create_Branch02" name="create_Branch02" time="8.84"/>
  <testcase classname="com.GenericUtilities.BaseClass" name="@BeforeSuite configBC" time="0.0">
    <ignored/>
  </testcase> <!-- @BeforeSuite configBC -->
</testsuite> <!-- Test -->
